c:\users\taras\desktop\навчальна\oop\kursovafvs\kursovamanager\kursovamanager\x64\debug\vc143.pdb
c:\users\taras\desktop\навчальна\oop\kursovafvs\kursovamanager\kursovamanager\x64\debug\vc143.idb
c:\users\taras\desktop\навчальна\oop\kursovafvs\kursovamanager\kursovamanager\x64\debug\dllmain.obj
c:\users\taras\desktop\навчальна\oop\kursovafvs\kursovamanager\kursovamanager\x64\debug\discord_register_win.obj
c:\users\taras\desktop\навчальна\oop\kursovafvs\kursovamanager\kursovamanager\x64\debug\connection_win.obj
c:\users\taras\desktop\навчальна\oop\kursovafvs – копія\kursovamanager\kursovamanager\x64\debug\vc143.pdb
c:\users\taras\desktop\навчальна\oop\kursovafvs – копія\kursovamanager\kursovamanager\x64\debug\vc143.idb
c:\users\taras\desktop\навчальна\oop\kursovafvs – копія\kursovamanager\kursovamanager\x64\debug\sim.obj
c:\users\taras\desktop\навчальна\oop\kursovafvs – копія\kursovamanager\kursovamanager\x64\debug\request.obj
c:\users\taras\desktop\навчальна\oop\kursovafvs – копія\kursovamanager\kursovamanager\x64\debug\phonebook.obj
c:\users\taras\desktop\навчальна\oop\kursovafvs – копія\kursovamanager\kursovamanager\x64\debug\person.obj
c:\users\taras\desktop\навчальна\oop\kursovafvs – копія\kursovamanager\kursovamanager\x64\debug\mobile.obj
c:\users\taras\desktop\навчальна\oop\kursovafvs – копія\kursovamanager\kursovamanager\x64\debug\massage.obj
c:\users\taras\desktop\навчальна\oop\kursovafvs – копія\kursovamanager\kursovamanager\x64\debug\manager.obj
c:\users\taras\desktop\навчальна\oop\kursovafvs – копія\kursovamanager\kursovamanager\x64\debug\main.obj
c:\users\taras\desktop\навчальна\oop\kursovafvs – копія\kursovamanager\kursovamanager\x64\debug\customer.obj
c:\users\taras\desktop\навчальна\oop\kursovafvs – копія\kursovamanager\kursovamanager\x64\debug\customerdb.obj
c:\users\taras\desktop\навчальна\oop\kursovafvs – копія\kursovamanager\kursovamanager\x64\debug\auth.obj
c:\users\taras\desktop\навчальна\oop\kursovafvs – копія\kursovamanager\kursovamanager\x64\debug\admin.obj
c:\users\taras\desktop\навчальна\oop\kursovafvs – копія\kursovamanager\kursovamanager\x64\debug\callhistory.obj
c:\users\taras\desktop\навчальна\oop\kursovafvs – копія\kursovamanager\kursovamanager\x64\debug\request_manager.obj
c:\users\taras\desktop\навчальна\oop\kursovafvs – копія\kursovamanager\kursovamanager\x64\debug\request_details.obj
c:\users\taras\desktop\навчальна\oop\kursovafvs – копія\kursovamanager\kursovamanager\x64\debug\request_containers.obj
c:\users\taras\desktop\навчальна\oop\kursovafvs – копія\kursovamanager\kursovamanager\x64\debug\tariff_manager.obj
c:\users\taras\desktop\навчальна\oop\kursovafvs – копія\kursovamanager\kursovamanager\x64\debug\customer_manager.obj
c:\users\taras\desktop\навчальна\oop\kursovafvs – копія\kursovamanager\kursovamanager\x64\debug\chat_manager.obj
c:\users\taras\desktop\навчальна\oop\kursovafvs – копія\kursovamanager\kursovamanager\x64\debug\call_history.obj
c:\users\taras\desktop\навчальна\oop\kursovafvs – копія\kursovamanager\kursovamanager\x64\debug\manager_controller.obj
c:\users\taras\desktop\навчальна\oop\kursovafvs – копія\kursovamanager\kursovamanager\x64\debug\tariff.obj
c:\users\taras\desktop\навчальна\oop\kursovafvs – копія\kursovamanager\kursovamanager\x64\debug\tarifdb.obj
c:\users\taras\desktop\навчальна\oop\kursovafvs – копія\kursovamanager\kursovamanager\x64\debug\chatdb.obj
c:\users\taras\desktop\навчальна\oop\kursovafvs – копія\kursovamanager\kursovamanager\x64\debug\chat.obj
c:\users\taras\desktop\навчальна\oop\kursovafvs – копія\kursovamanager\kursovamanager\x64\debug\managerdb.obj
c:\users\taras\desktop\навчальна\oop\kursovafvs – копія\kursovamanager\kursovamanager\x64\debug\mobile_manager.obj
c:\users\taras\desktop\навчальна\oop\kursovafvs – копія\kursovamanager\kursovamanager\x64\debug\user.obj
c:\users\taras\desktop\навчальна\oop\kursovafvs – копія\kursovamanager\x64\debug\kursovamanager.exe
c:\users\taras\desktop\навчальна\oop\kursovafvs – копія\kursovamanager\x64\debug\kursovamanager.pdb
c:\users\taras\desktop\навчальна\oop\kursovafvs – копія\kursovamanager\kursovamanager\x64\debug\kursovamanager.ilk
c:\users\taras\desktop\навчальна\oop\kursovafvscopy\kursovamanager\kursovamanager\x64\debug\admin.obj
c:\users\taras\desktop\навчальна\oop\kursovafvscopy\kursovamanager\kursovamanager\x64\debug\auth.obj
c:\users\taras\desktop\навчальна\oop\kursovafvscopy\kursovamanager\kursovamanager\x64\debug\balance.obj
c:\users\taras\desktop\навчальна\oop\kursovafvscopy\kursovamanager\kursovamanager\x64\debug\callhistory.obj
c:\users\taras\desktop\навчальна\oop\kursovafvscopy\kursovamanager\kursovamanager\x64\debug\call_history.obj
c:\users\taras\desktop\навчальна\oop\kursovafvscopy\kursovamanager\kursovamanager\x64\debug\chat.obj
c:\users\taras\desktop\навчальна\oop\kursovafvscopy\kursovamanager\kursovamanager\x64\debug\chatchatdb.obj
c:\users\taras\desktop\навчальна\oop\kursovafvscopy\kursovamanager\kursovamanager\x64\debug\chatdb.obj
c:\users\taras\desktop\навчальна\oop\kursovafvscopy\kursovamanager\kursovamanager\x64\debug\chat_manager.obj
c:\users\taras\desktop\навчальна\oop\kursovafvscopy\kursovamanager\kursovamanager\x64\debug\connection_win.obj
c:\users\taras\desktop\навчальна\oop\kursovafvscopy\kursovamanager\kursovamanager\x64\debug\custmanager.obj
c:\users\taras\desktop\навчальна\oop\kursovafvscopy\kursovamanager\kursovamanager\x64\debug\customer.obj
c:\users\taras\desktop\навчальна\oop\kursovafvscopy\kursovamanager\kursovamanager\x64\debug\customerdb.obj
c:\users\taras\desktop\навчальна\oop\kursovafvscopy\kursovamanager\kursovamanager\x64\debug\customer_manager.obj
c:\users\taras\desktop\навчальна\oop\kursovafvscopy\kursovamanager\kursovamanager\x64\debug\discord_register_win.obj
c:\users\taras\desktop\навчальна\oop\kursovafvscopy\kursovamanager\kursovamanager\x64\debug\dllmain.obj
c:\users\taras\desktop\навчальна\oop\kursovafvscopy\kursovamanager\kursovamanager\x64\debug\main.obj
c:\users\taras\desktop\навчальна\oop\kursovafvscopy\kursovamanager\kursovamanager\x64\debug\manager.obj
c:\users\taras\desktop\навчальна\oop\kursovafvscopy\kursovamanager\kursovamanager\x64\debug\managerdb.obj
c:\users\taras\desktop\навчальна\oop\kursovafvscopy\kursovamanager\kursovamanager\x64\debug\manager_controller.obj
c:\users\taras\desktop\навчальна\oop\kursovafvscopy\kursovamanager\kursovamanager\x64\debug\massage.obj
c:\users\taras\desktop\навчальна\oop\kursovafvscopy\kursovamanager\kursovamanager\x64\debug\mobile.obj
c:\users\taras\desktop\навчальна\oop\kursovafvscopy\kursovamanager\kursovamanager\x64\debug\mobile_manager.obj
c:\users\taras\desktop\навчальна\oop\kursovafvscopy\kursovamanager\kursovamanager\x64\debug\person.obj
c:\users\taras\desktop\навчальна\oop\kursovafvscopy\kursovamanager\kursovamanager\x64\debug\phonebook.obj
c:\users\taras\desktop\навчальна\oop\kursovafvscopy\kursovamanager\kursovamanager\x64\debug\request(requestdb).obj
c:\users\taras\desktop\навчальна\oop\kursovafvscopy\kursovamanager\kursovamanager\x64\debug\request.obj
c:\users\taras\desktop\навчальна\oop\kursovafvscopy\kursovamanager\kursovamanager\x64\debug\requestdb.obj
c:\users\taras\desktop\навчальна\oop\kursovafvscopy\kursovamanager\kursovamanager\x64\debug\request_containers.obj
c:\users\taras\desktop\навчальна\oop\kursovafvscopy\kursovamanager\kursovamanager\x64\debug\request_details.obj
c:\users\taras\desktop\навчальна\oop\kursovafvscopy\kursovamanager\kursovamanager\x64\debug\request_manager.obj
c:\users\taras\desktop\навчальна\oop\kursovafvscopy\kursovamanager\kursovamanager\x64\debug\sim.obj
c:\users\taras\desktop\навчальна\oop\kursovafvscopy\kursovamanager\kursovamanager\x64\debug\tarif(tarifdb).obj
c:\users\taras\desktop\навчальна\oop\kursovafvscopy\kursovamanager\kursovamanager\x64\debug\tarif.obj
c:\users\taras\desktop\навчальна\oop\kursovafvscopy\kursovamanager\kursovamanager\x64\debug\tarifdb.obj
c:\users\taras\desktop\навчальна\oop\kursovafvscopy\kursovamanager\kursovamanager\x64\debug\tariff.obj
c:\users\taras\desktop\навчальна\oop\kursovafvscopy\kursovamanager\kursovamanager\x64\debug\tariff_manager.obj
c:\users\taras\desktop\навчальна\oop\kursovafvscopy\kursovamanager\kursovamanager\x64\debug\user.obj
c:\users\taras\desktop\навчальна\oop\kursovafvscopy\kursovamanager\kursovamanager\x64\debug\admin.obj.enc
c:\users\taras\desktop\навчальна\oop\kursovafvscopy\kursovamanager\kursovamanager\x64\debug\chatchatdb.obj.enc
c:\users\taras\desktop\навчальна\oop\kursovafvscopy\kursovamanager\kursovamanager\x64\debug\customer.obj.enc
c:\users\taras\desktop\навчальна\oop\kursovafvscopy\kursovamanager\kursovamanager\x64\debug\customerdb.obj.enc
c:\users\taras\desktop\навчальна\oop\kursovafvscopy\kursovamanager\kursovamanager\x64\debug\main.obj.enc
c:\users\taras\desktop\навчальна\oop\kursovafvscopy\kursovamanager\kursovamanager\x64\debug\manager.obj.enc
c:\users\taras\desktop\навчальна\oop\kursovafvscopy\kursovamanager\kursovamanager\x64\debug\mobile.obj.enc
c:\users\taras\desktop\навчальна\oop\kursovafvscopy\kursovamanager\kursovamanager\x64\debug\phonebook.obj.enc
c:\users\taras\desktop\навчальна\oop\kursovafvscopy\kursovamanager\kursovamanager\x64\debug\request_containers.obj.enc
c:\users\taras\desktop\навчальна\oop\kursovafvscopy\kursovamanager\kursovamanager\x64\debug\kursovamanager.ilk
c:\users\taras\desktop\навчальна\oop\kursovafvscopy\kursovamanager\kursovamanager\x64\debug\vc143.idb
c:\users\taras\desktop\навчальна\oop\kursovafvscopy\kursovamanager\kursovamanager\x64\debug\vc143.pdb
c:\users\taras\desktop\навчальна\oop\kursovafvscopy\kursovamanager\x64\debug\kursovamanager.pdb
c:\users\taras\desktop\навчальна\oop\kursovafvscopy\kursovamanager\x64\debug\kursovamanager.exe
c:\users\taras\desktop\навчальна\oop\kursovafvscopy\kursovamanager\kursovamanager\x64\debug\kursovamanager.tlog\cl.command.1.tlog
c:\users\taras\desktop\навчальна\oop\kursovafvscopy\kursovamanager\kursovamanager\x64\debug\kursovamanager.tlog\cl.items.tlog
c:\users\taras\desktop\навчальна\oop\kursovafvscopy\kursovamanager\kursovamanager\x64\debug\kursovamanager.tlog\cl.read.1.tlog
c:\users\taras\desktop\навчальна\oop\kursovafvscopy\kursovamanager\kursovamanager\x64\debug\kursovamanager.tlog\cl.write.1.tlog
c:\users\taras\desktop\навчальна\oop\kursovafvscopy\kursovamanager\kursovamanager\x64\debug\kursovamanager.tlog\link.command.1.tlog
c:\users\taras\desktop\навчальна\oop\kursovafvscopy\kursovamanager\kursovamanager\x64\debug\kursovamanager.tlog\link.read.1.tlog
c:\users\taras\desktop\навчальна\oop\kursovafvscopy\kursovamanager\kursovamanager\x64\debug\kursovamanager.tlog\link.secondary.1.tlog
c:\users\taras\desktop\навчальна\oop\kursovafvscopy\kursovamanager\kursovamanager\x64\debug\kursovamanager.tlog\link.write.1.tlog
